configure: Configuration created at Wed May 11 20:45:23 CST 2022.
checking for basename... /usr/bin/basename
checking for bash... /bin/bash
checking for cat... /bin/cat
checking for chmod... /bin/chmod
checking for cmp... /usr/bin/cmp
checking for comm... /usr/bin/comm
checking for cp... /bin/cp
checking for cut... /usr/bin/cut
checking for date... /bin/date
checking for gdiff... no
checking for diff... /usr/bin/diff
checking for dirname... /usr/bin/dirname
checking for echo... /bin/echo
checking for expr... /bin/expr
checking for file... /usr/bin/file
checking for find... /usr/bin/find
checking for head... /usr/bin/head
checking for gunzip... /usr/bin/gunzip
checking for pigz... no
checking for gzip... /usr/bin/gzip
checking for ln... /bin/ln
checking for ls... /bin/ls
checking for gmkdir... no
checking for mkdir... /bin/mkdir
checking for mktemp... /usr/bin/mktemp
checking for mv... /bin/mv
checking for nawk... no
checking for gawk... no
checking for awk... /usr/bin/awk
checking for printf... /usr/bin/printf
checking for greadlink... no
checking for readlink... /usr/bin/readlink
checking for rm... /bin/rm
checking for rmdir... /bin/rmdir
checking for sh... /bin/sh
checking for sort... /usr/bin/sort
checking for tail... /usr/bin/tail
checking for gtar... no
checking for tar... /usr/bin/tar
checking for tee... /usr/bin/tee
checking for touch... /usr/bin/touch
checking for tr... /usr/bin/tr
checking for uname... /usr/bin/uname
checking for uniq... /usr/bin/uniq
checking for wc... /usr/bin/wc
checking for which... /usr/bin/which
checking for xargs... /usr/bin/xargs
checking for gawk... no
checking for mawk... no
checking for nawk... no
checking for awk... awk
checking for grep that handles long lines and -e... /usr/bin/grep
checking for egrep... /usr/bin/grep -E
checking for fgrep... /usr/bin/grep -F
checking for a sed that does not truncate output... /usr/bin/sed
checking for cygpath... no
checking for df... /bin/df
checking for cpio... /usr/bin/cpio
checking for nice... /usr/bin/nice
checking for pandoc... no
checking build system type... x86_64-apple-darwin21.4.0
checking host system type... x86_64-apple-darwin21.4.0
checking target system type... x86_64-apple-darwin21.4.0
checking openjdk-build os-cpu... macosx-x86_64
checking openjdk-target os-cpu... macosx-x86_64
configure: --with-target-bits are set to build platform address size; argument has no meaning
checking compilation type... native
checking for top-level directory... /Users/roy/workspace/programs/resources/jdk12
checking if custom source is suppressed (openjdk-only)... no
checking which debug level to use... slowdebug
checking which variants of the JVM to build... server
checking for xcodebuild... /usr/bin/xcodebuild
checking for sdk name... 
2022-05-11 20:45:24.973 xcodebuild[85706:301199] Requested but did not find extension point with identifier Xcode.IDEKit.ExtensionSentinelHostApplications for extension Xcode.DebuggerFoundation.AppExtensionHosts.watchOS of plug-in com.apple.dt.IDEWatchSupportCore
2022-05-11 20:45:24.973 xcodebuild[85706:301199] Requested but did not find extension point with identifier Xcode.IDEKit.ExtensionPointIdentifierToBundleIdentifier for extension Xcode.DebuggerFoundation.AppExtensionToBundleIdentifierMap.watchOS of plug-in com.apple.dt.IDEWatchSupportCore
2022-05-11 20:45:25.107 xcodebuild[85706:301199] [MT] PluginLoading: Required plug-in compatibility UUID BD431FF2-C78B-4953-A3A9-0E42593C2D32 for plug-in at path '~/Library/Application Support/Developer/Shared/Xcode/Plug-ins/Alcatraz.xcplugin' not present in DVTPlugInCompatibilityUUIDs
checking for sysroot... /Applications/Xcode.app/Contents/Developer/Platforms/MacOSX.platform/Developer/SDKs/MacOSX12.3.sdk
checking for toolchain path... 
checking for extra path... 
checking where to store configuration... in default location
checking what configuration name to use... macosx-x86_64-server-slowdebug
checking for apt-get... no
checking for yum... no
checking for brew... brew
checking for gmake... no
checking for make... /usr/bin/make
configure: Testing potential make at /usr/bin/make, found using make in PATH
configure: Using GNU make at /usr/bin/make (version: GNU Make 3.81)
checking if make --output-sync is supported... no
checking if find supports -delete... yes
checking what type of tar was found... bsd
checking that grep (/usr/bin/grep) -Fx handles empty lines in the pattern list correctly... yes
checking for unzip... /usr/bin/unzip
checking for zip... /usr/bin/zip
checking for ldd... no
checking for greadelf... no
checking for readelf... no
checking for dot... no
checking for hg... /usr/local/bin/hg
checking for git... /usr/local/bin/git
checking for stat... /usr/bin/stat
checking for time... /usr/bin/time
checking for flock... no
checking for dtrace... /usr/sbin/dtrace
checking for gpatch... no
checking for patch... /usr/bin/patch
checking for dsymutil... /usr/bin/dsymutil
checking for mig... /usr/bin/mig
checking for xattr... /usr/bin/xattr
checking for codesign... /usr/bin/codesign
checking if openjdk_codesign certificate is present... no
checking for SetFile... /usr/bin/SetFile
checking bash version... 3.2.57
checking if bash supports pipefail... yes
checking if bash supports errexit (-e)... yes
checking for pkg-config... /usr/local/bin/pkg-config
checking pkg-config is at least version 0.9.0... yes
checking for default LOG value... 
checking headless only... no
checking for graphviz dot... no, cannot generate full docs
checking for pandoc... no, cannot generate full docs
checking full docs... no, missing dependencies
checking for cacerts file... default
checking for jni library path... default
checking if packaged modules are kept... yes (default)
checking for version string... 12-internal+0-adhoc.roy.jdk12
configure: Found potential Boot JDK using configure arguments
configure: error: The path given by --with-boot-jdk does not contain a valid Boot JDK
