This file contains any messages produced by compilers while
running configure, to aid debugging if configure makes a mistake.

It was created by OpenJDK configure openjdk, which was
generated by GNU Autoconf 2.71.  Invocation command line was

  $ /Users/roy/workspace/programs/resources/jdk12/configure --enable-option-checking=fatal --with-debug-level=slowdebug --with-boot-jdk=/Users/roy/workspace/programs/resources/jdk12-06222165c35f/build/macosx-x86_64-server-slowdebug/images/jdk --with-target-bits=64 --enable-ccache --disable-warnings-as-errors

## --------- ##
## Platform. ##
## --------- ##

hostname = luoyideMacBook-Pro.local
uname -m = x86_64
uname -r = 21.4.0
uname -s = Darwin
uname -v = Darwin Kernel Version 21.4.0: Fri Mar 18 00:45:05 PDT 2022; root:xnu-8020.101.4~15/RELEASE_X86_64

/usr/bin/uname -p = i386
/bin/uname -X     = unknown

/bin/arch              = unknown
/usr/bin/arch -k       = unknown
/usr/convex/getsysinfo = unknown
/usr/bin/hostinfo      = Mach kernel version:
	 Darwin Kernel Version 21.4.0: Fri Mar 18 00:45:05 PDT 2022; root:xnu-8020.101.4~15/RELEASE_X86_64
Kernel configured for up to 8 processors.
4 processors are physically available.
8 processors are logically available.
Processor type: x86_64h (Intel x86-64h Haswell)
Processors active: 0 1 2 3 4 5 6 7
Primary memory available: 16.00 gigabytes
Default processor set: 548 tasks, 3039 threads, 8 processors
Load average: 1.83, Mach factor: 6.16
/bin/machine           = unknown
/usr/bin/oslevel       = unknown
/bin/universe          = unknown

PATH: /Users/roy/.gvm/bin/
PATH: /bin/
PATH: /Users/roy/.jenv/shims/
PATH: /Users/roy/.jenv/bin/
PATH: /usr/local/bin/
PATH: /usr/bin/
PATH: /bin/
PATH: /usr/sbin/
PATH: /sbin/
PATH: /usr/local/go/bin/
PATH: /Library/Apple/usr/bin/
PATH: /usr/local/mysql/bin/
PATH: ./
PATH: /Users/roy/develop/util/apache-jmeter-5.4.1/bin/
PATH: /Users/roy/.jenv/shims/
PATH: /Users/roy/.jenv/bin/
PATH: /usr/local/bin/
PATH: /usr/bin/
PATH: /bin/
PATH: /usr/sbin/
PATH: /sbin/
PATH: /usr/local/go/bin/
PATH: /Library/Apple/usr/bin/
PATH: /usr/local/mysql/bin/
PATH: /Users/roy/workspace/tools/apache-maven-3.8.5/bin/
PATH: /Users/roy/workspace/tools/gradle-4.10/bin/
PATH: /usr/local/Cellar/go/1.17.2/libexec/bin/
PATH: /Users/roy/workspace/programs/Golang/workspace/bin/


## ----------- ##
## Core tests. ##
## ----------- ##

configure:3906: looking for aux files: config.guess config.sub
configure:3919:  trying /Users/roy/workspace/programs/resources/jdk12/make/autoconf/build-aux/
configure:3948:   /Users/roy/workspace/programs/resources/jdk12/make/autoconf/build-aux/config.guess found
configure:3948:   /Users/roy/workspace/programs/resources/jdk12/make/autoconf/build-aux/config.sub found
configure:6100: Configuration created at Wed May 11 20:45:23 CST 2022.
configure:6121: checking for basename
configure:6144: found /usr/bin/basename
configure:6156: result: /usr/bin/basename
configure:6403: checking for bash
configure:6438: result: /bin/bash
configure:6559: checking for cat
configure:6582: found /bin/cat
configure:6594: result: /bin/cat
configure:6778: checking for chmod
configure:6801: found /bin/chmod
configure:6813: result: /bin/chmod
configure:6997: checking for cmp
configure:7020: found /usr/bin/cmp
configure:7032: result: /usr/bin/cmp
configure:7216: checking for comm
configure:7239: found /usr/bin/comm
configure:7251: result: /usr/bin/comm
configure:7435: checking for cp
configure:7458: found /bin/cp
configure:7470: result: /bin/cp
configure:7654: checking for cut
configure:7677: found /usr/bin/cut
configure:7689: result: /usr/bin/cut
configure:7873: checking for date
configure:7896: found /bin/date
configure:7908: result: /bin/date
configure:8092: checking for gdiff
configure:8130: result: no
configure:8092: checking for diff
configure:8115: found /usr/bin/diff
configure:8127: result: /usr/bin/diff
configure:8311: checking for dirname
configure:8334: found /usr/bin/dirname
configure:8346: result: /usr/bin/dirname
configure:8530: checking for echo
configure:8553: found /bin/echo
configure:8565: result: /bin/echo
configure:8749: checking for expr
configure:8772: found /bin/expr
configure:8784: result: /bin/expr
configure:8968: checking for file
configure:8991: found /usr/bin/file
configure:9003: result: /usr/bin/file
configure:9187: checking for find
configure:9210: found /usr/bin/find
configure:9222: result: /usr/bin/find
configure:9406: checking for head
configure:9429: found /usr/bin/head
configure:9441: result: /usr/bin/head
configure:9625: checking for gunzip
configure:9648: found /usr/bin/gunzip
configure:9660: result: /usr/bin/gunzip
configure:9844: checking for pigz
configure:9882: result: no
configure:9844: checking for gzip
configure:9867: found /usr/bin/gzip
configure:9879: result: /usr/bin/gzip
configure:10063: checking for ln
configure:10086: found /bin/ln
configure:10098: result: /bin/ln
configure:10282: checking for ls
configure:10305: found /bin/ls
configure:10317: result: /bin/ls
configure:10502: checking for gmkdir
configure:10540: result: no
configure:10502: checking for mkdir
configure:10525: found /bin/mkdir
configure:10537: result: /bin/mkdir
configure:10721: checking for mktemp
configure:10744: found /usr/bin/mktemp
configure:10756: result: /usr/bin/mktemp
configure:10940: checking for mv
configure:10963: found /bin/mv
configure:10975: result: /bin/mv
configure:11159: checking for nawk
configure:11197: result: no
configure:11159: checking for gawk
configure:11197: result: no
configure:11159: checking for awk
configure:11182: found /usr/bin/awk
configure:11194: result: /usr/bin/awk
configure:11378: checking for printf
configure:11401: found /usr/bin/printf
configure:11413: result: /usr/bin/printf
configure:11597: checking for greadlink
configure:11635: result: no
configure:11597: checking for readlink
configure:11620: found /usr/bin/readlink
configure:11632: result: /usr/bin/readlink
configure:11816: checking for rm
configure:11839: found /bin/rm
configure:11851: result: /bin/rm
configure:12035: checking for rmdir
configure:12058: found /bin/rmdir
configure:12070: result: /bin/rmdir
configure:12254: checking for sh
configure:12277: found /bin/sh
configure:12289: result: /bin/sh
configure:12473: checking for sort
configure:12496: found /usr/bin/sort
configure:12508: result: /usr/bin/sort
configure:12692: checking for tail
configure:12715: found /usr/bin/tail
configure:12727: result: /usr/bin/tail
configure:12911: checking for gtar
configure:12949: result: no
configure:12911: checking for tar
configure:12934: found /usr/bin/tar
configure:12946: result: /usr/bin/tar
configure:13130: checking for tee
configure:13153: found /usr/bin/tee
configure:13165: result: /usr/bin/tee
configure:13349: checking for touch
configure:13372: found /usr/bin/touch
configure:13384: result: /usr/bin/touch
configure:13568: checking for tr
configure:13591: found /usr/bin/tr
configure:13603: result: /usr/bin/tr
configure:13787: checking for uname
configure:13810: found /usr/bin/uname
configure:13822: result: /usr/bin/uname
configure:14006: checking for uniq
configure:14029: found /usr/bin/uniq
configure:14041: result: /usr/bin/uniq
configure:14225: checking for wc
configure:14248: found /usr/bin/wc
configure:14260: result: /usr/bin/wc
configure:14444: checking for which
configure:14467: found /usr/bin/which
configure:14479: result: /usr/bin/which
configure:14663: checking for xargs
configure:14686: found /usr/bin/xargs
configure:14698: result: /usr/bin/xargs
configure:14883: checking for gawk
configure:14918: result: no
configure:14883: checking for mawk
configure:14918: result: no
configure:14883: checking for nawk
configure:14918: result: no
configure:14883: checking for awk
configure:14904: found /usr/bin/awk
configure:14915: result: awk
configure:15090: checking for grep that handles long lines and -e
configure:15154: result: /usr/bin/grep
configure:15345: checking for egrep
configure:15413: result: /usr/bin/grep -E
configure:15608: checking for fgrep
configure:15676: result: /usr/bin/grep -F
configure:15871: checking for a sed that does not truncate output
configure:15941: result: /usr/bin/sed
configure:16151: checking for cygpath
configure:16189: result: no
configure:16363: checking for df
configure:16386: found /bin/df
configure:16398: result: /bin/df
configure:16575: checking for cpio
configure:16598: found /usr/bin/cpio
configure:16610: result: /usr/bin/cpio
configure:16787: checking for nice
configure:16810: found /usr/bin/nice
configure:16822: result: /usr/bin/nice
configure:17000: checking for pandoc
configure:17038: result: no
configure:17218: checking build system type
configure:17233: result: x86_64-apple-darwin21.4.0
configure:17253: checking host system type
configure:17267: result: x86_64-apple-darwin21.4.0
configure:17287: checking target system type
configure:17301: result: x86_64-apple-darwin21.4.0
configure:17541: checking openjdk-build os-cpu
configure:17543: result: macosx-x86_64
configure:17743: checking openjdk-target os-cpu
configure:17745: result: macosx-x86_64
configure:17788: --with-target-bits are set to build platform address size; argument has no meaning
configure:17796: checking compilation type
configure:17798: result: native
configure:18259: checking for top-level directory
configure:18261: result: /Users/roy/workspace/programs/resources/jdk12
configure:18551: checking if custom source is suppressed (openjdk-only)
configure:18553: result: no
configure:18567: checking which debug level to use
configure:18593: result: slowdebug
configure:18652: checking which variants of the JVM to build
configure:18657: result: server
configure:19079: checking for xcodebuild
configure:19115: result: /usr/bin/xcodebuild
configure:19131: checking for sdk name
configure:19141: result: 
configure:19203: checking for sysroot
configure:19205: result: /Applications/Xcode.app/Contents/Developer/Platforms/MacOSX.platform/Developer/SDKs/MacOSX12.3.sdk
configure:19207: checking for toolchain path
configure:19209: result: 
configure:19211: checking for extra path
configure:19213: result: 
configure:19230: checking where to store configuration
configure:19238: result: in default location
configure:19302: checking what configuration name to use
configure:19304: result: macosx-x86_64-server-slowdebug
configure:19474: checking for apt-get
configure:19509: result: no
configure:19474: checking for yum
configure:19509: result: no
configure:19474: checking for brew
configure:19495: found /usr/local/bin/brew
configure:19506: result: brew
configure:19534: checking for gmake
configure:19572: result: no
configure:19923: checking for make
configure:19946: found /usr/bin/make
configure:19958: result: /usr/bin/make
configure:19983: Testing potential make at /usr/bin/make, found using make in PATH
configure:23115: Using GNU make at /usr/bin/make (version: GNU Make 3.81)
configure:23120: checking if make --output-sync is supported
configure:23145: result: no
configure:23155: checking if find supports -delete
configure:23176: result: yes
configure:23193: checking what type of tar was found
configure:23195: result: bsd
configure:23219: checking that grep (/usr/bin/grep) -Fx handles empty lines in the pattern list correctly
configure:23230: result: yes
configure:23254: checking for unzip
configure:23277: found /usr/bin/unzip
configure:23289: result: /usr/bin/unzip
configure:23475: checking for zip
configure:23498: found /usr/bin/zip
configure:23510: result: /usr/bin/zip
configure:23696: checking for ldd
configure:23734: result: no
configure:23914: checking for greadelf
configure:23952: result: no
configure:23914: checking for readelf
configure:23952: result: no
configure:24126: checking for dot
configure:24164: result: no
configure:24338: checking for hg
configure:24361: found /usr/local/bin/hg
configure:24373: result: /usr/local/bin/hg
configure:24550: checking for git
configure:24573: found /usr/local/bin/git
configure:24585: result: /usr/local/bin/git
configure:24762: checking for stat
configure:24785: found /usr/bin/stat
configure:24797: result: /usr/bin/stat
configure:24974: checking for time
configure:24997: found /usr/bin/time
configure:25009: result: /usr/bin/time
configure:25186: checking for flock
configure:25224: result: no
configure:25400: checking for dtrace
configure:25424: found /usr/sbin/dtrace
configure:25436: result: /usr/sbin/dtrace
configure:25614: checking for gpatch
configure:25652: result: no
configure:25614: checking for patch
configure:25637: found /usr/bin/patch
configure:25649: result: /usr/bin/patch
configure:25837: checking for dsymutil
configure:25860: found /usr/bin/dsymutil
configure:25872: result: /usr/bin/dsymutil
configure:26056: checking for mig
configure:26079: found /usr/bin/mig
configure:26091: result: /usr/bin/mig
configure:26275: checking for xattr
configure:26298: found /usr/bin/xattr
configure:26310: result: /usr/bin/xattr
configure:26493: checking for codesign
configure:26516: found /usr/bin/codesign
configure:26528: result: /usr/bin/codesign
configure:26696: checking if openjdk_codesign certificate is present
openjdk_codesign: no identity found
configure:26703: result: no
configure:26722: checking for SetFile
configure:26745: found /usr/bin/SetFile
configure:26757: result: /usr/bin/SetFile
configure:27155: checking bash version
configure:27157: result: 3.2.57
configure:27167: checking if bash supports pipefail
configure:27171: result: yes
configure:27178: checking if bash supports errexit (-e)
configure:27182: result: yes
configure:27247: checking for pkg-config
configure:27270: found /usr/local/bin/pkg-config
configure:27282: result: /usr/local/bin/pkg-config
configure:27307: checking pkg-config is at least version 0.9.0
configure:27310: result: yes
configure:27363: checking for default LOG value
configure:27372: result: 
configure:27386: checking headless only
configure:27405: result: no
configure:27422: checking for graphviz dot
configure:27428: result: no, cannot generate full docs
configure:27433: checking for pandoc
configure:27439: result: no, cannot generate full docs
configure:27444: checking full docs
configure:27496: result: no, missing dependencies
configure:27517: checking for cacerts file
configure:27520: result: default
configure:27593: checking for jni library path
configure:27596: result: default
configure:27625: checking if packaged modules are kept
configure:27636: result: yes (default)
configure:28308: checking for version string
configure:28310: result: 12-internal+0-adhoc.roy.jdk12
configure:28399: Found potential Boot JDK using configure arguments
configure:28601: error: The path given by --with-boot-jdk does not contain a valid Boot JDK
